<?xml version="1.0" encoding="UTF-8"?>
<testsuite name="com.github.sunznx.idea.emacs.editor.find.FindFileActionTest" tests="1" skipped="0" failures="0" errors="0" timestamp="2026-04-05T12:05:05" hostname="xMacmini14.local" time="0.014">
  <properties/>
  <testcase name="shouldInstantiate()" classname="com.github.sunznx.idea.emacs.editor.find.FindFileActionTest" time="0.014"/>
  <system-out><![CDATA[]]></system-out>
  <system-err><![CDATA[Configuration file for j.u.l.LogManager does not exist: /Users/sunx/.gradle/caches/modules-2/files-2.1/com.jetbrains.intellij.idea/ideaIC/2023.3.6/570b1ee19744f941431cf270d989a88c111ec603/ideaIC-2023.3.6/test-log.properties
]]></system-err>
</testsuite>
